\BOOKMARK [1][-]{section.1}{Introduzione}{}% 1
\BOOKMARK [2][-]{subsection.1.1}{Scopo del documento}{section.1}% 2
\BOOKMARK [2][-]{subsection.1.2}{Scopo del prodotto}{section.1}% 3
\BOOKMARK [2][-]{subsection.1.3}{Glossario}{section.1}% 4
\BOOKMARK [2][-]{subsection.1.4}{Riferimenti}{section.1}% 5
\BOOKMARK [3][-]{subsubsection.1.4.1}{Normativi}{subsection.1.4}% 6
\BOOKMARK [3][-]{subsubsection.1.4.2}{Informativi}{subsection.1.4}% 7
\BOOKMARK [1][-]{section.2}{Capitolato scelto}{}% 8
\BOOKMARK [2][-]{subsection.2.1}{Descrizione}{section.2}% 9
\BOOKMARK [2][-]{subsection.2.2}{Dominio applicativo}{section.2}% 10
\BOOKMARK [2][-]{subsection.2.3}{Dominio tecnologico}{section.2}% 11
\BOOKMARK [2][-]{subsection.2.4}{Criticit\340}{section.2}% 12
\BOOKMARK [2][-]{subsection.2.5}{Valutazione Finale}{section.2}% 13
\BOOKMARK [1][-]{section.3}{Capitolato C1}{}% 14
\BOOKMARK [2][-]{subsection.3.1}{Descrizione}{section.3}% 15
\BOOKMARK [2][-]{subsection.3.2}{Dominio applicativo}{section.3}% 16
\BOOKMARK [2][-]{subsection.3.3}{Dominio tecnologico}{section.3}% 17
\BOOKMARK [2][-]{subsection.3.4}{Criticit\340}{section.3}% 18
\BOOKMARK [2][-]{subsection.3.5}{Valutazione Finale}{section.3}% 19
\BOOKMARK [1][-]{section.4}{Capitolato C3}{}% 20
\BOOKMARK [2][-]{subsection.4.1}{Descrizione}{section.4}% 21
\BOOKMARK [2][-]{subsection.4.2}{Dominio applicativo}{section.4}% 22
\BOOKMARK [2][-]{subsection.4.3}{Dominio tecnologico}{section.4}% 23
\BOOKMARK [2][-]{subsection.4.4}{Criticit\340}{section.4}% 24
\BOOKMARK [2][-]{subsection.4.5}{Valutazione Finale}{section.4}% 25
\BOOKMARK [1][-]{section.5}{Capitolato C4}{}% 26
\BOOKMARK [2][-]{subsection.5.1}{Descrizione}{section.5}% 27
\BOOKMARK [2][-]{subsection.5.2}{Dominio applicativo}{section.5}% 28
\BOOKMARK [2][-]{subsection.5.3}{Dominio tecnologico}{section.5}% 29
\BOOKMARK [2][-]{subsection.5.4}{Criticit\340}{section.5}% 30
\BOOKMARK [2][-]{subsection.5.5}{Valutazione Finale}{section.5}% 31
\BOOKMARK [1][-]{section.6}{Capitolato C5}{}% 32
\BOOKMARK [2][-]{subsection.6.1}{Descrizione}{section.6}% 33
\BOOKMARK [2][-]{subsection.6.2}{Dominio applicativo}{section.6}% 34
\BOOKMARK [2][-]{subsection.6.3}{Dominio tecnologico}{section.6}% 35
\BOOKMARK [2][-]{subsection.6.4}{Criticit\340}{section.6}% 36
\BOOKMARK [2][-]{subsection.6.5}{Valutazione Finale}{section.6}% 37
\BOOKMARK [1][-]{section.7}{Capitolato C6}{}% 38
\BOOKMARK [2][-]{subsection.7.1}{Descrizione}{section.7}% 39
\BOOKMARK [2][-]{subsection.7.2}{Dominio applicativo}{section.7}% 40
\BOOKMARK [2][-]{subsection.7.3}{Dominio tecnologico}{section.7}% 41
\BOOKMARK [2][-]{subsection.7.4}{Criticit\340}{section.7}% 42
\BOOKMARK [2][-]{subsection.7.5}{Valutazione Finale}{section.7}% 43
