\BOOKMARK [1][-]{section.1}{Introduzione}{}% 1
\BOOKMARK [2][-]{subsection.1.1}{Scopo del documento}{section.1}% 2
\BOOKMARK [2][-]{subsection.1.2}{Scopo del prodottog}{section.1}% 3
\BOOKMARK [2][-]{subsection.1.3}{Glossario}{section.1}% 4
\BOOKMARK [2][-]{subsection.1.4}{Riferimenti}{section.1}% 5
\BOOKMARK [3][-]{subsubsection.1.4.1}{Riferimenti Normativi}{subsection.1.4}% 6
\BOOKMARK [2][-]{subsection.1.5}{Riferimenti Informativi}{section.1}% 7
\BOOKMARK [1][-]{section.2}{Processi primari}{}% 8
\BOOKMARK [2][-]{subsection.2.1}{Processo di sviluppo}{section.2}% 9
\BOOKMARK [3][-]{subsubsection.2.1.1}{Scopo}{subsection.2.1}% 10
\BOOKMARK [3][-]{subsubsection.2.1.2}{Aspettative}{subsection.2.1}% 11
\BOOKMARK [3][-]{subsubsection.2.1.3}{Descrizione}{subsection.2.1}% 12
\BOOKMARK [3][-]{subsubsection.2.1.4}{Analisi dei requisiti}{subsection.2.1}% 13
\BOOKMARK [4][-]{paragraph.2.1.4.1}{Scopo dell'attivit\340}{subsubsection.2.1.4}% 14
\BOOKMARK [4][-]{paragraph.2.1.4.2}{Aspettative dell'attivit\340}{subsubsection.2.1.4}% 15
\BOOKMARK [4][-]{paragraph.2.1.4.3}{Descrizione dell'attivit\340}{subsubsection.2.1.4}% 16
\BOOKMARK [4][-]{paragraph.2.1.4.4}{Studio di fattibilit\340}{subsubsection.2.1.4}% 17
\BOOKMARK [4][-]{paragraph.2.1.4.5}{Casi d'uso}{subsubsection.2.1.4}% 18
\BOOKMARK [4][-]{paragraph.2.1.4.6}{Codice identificativo dei casi d'uso}{subsubsection.2.1.4}% 19
\BOOKMARK [4][-]{paragraph.2.1.4.7}{Requisiti}{subsubsection.2.1.4}% 20
\BOOKMARK [4][-]{paragraph.2.1.4.8}{Codice identificativo dei requisiti}{subsubsection.2.1.4}% 21
\BOOKMARK [4][-]{paragraph.2.1.4.9}{UML}{subsubsection.2.1.4}% 22
\BOOKMARK [4][-]{paragraph.2.1.4.10}{Progettazione}{subsubsection.2.1.4}% 23
\BOOKMARK [3][-]{subsubsection.2.1.5}{Progettazione}{subsection.2.1}% 24
\BOOKMARK [4][-]{paragraph.2.1.5.1}{Scopo dell'attivit\340}{subsubsection.2.1.5}% 25
\BOOKMARK [4][-]{paragraph.2.1.5.2}{Aspettative dell'attivit\340}{subsubsection.2.1.5}% 26
\BOOKMARK [4][-]{paragraph.2.1.5.3}{Descrizione dell'attivit\340}{subsubsection.2.1.5}% 27
\BOOKMARK [4][-]{paragraph.2.1.5.4}{Specifica tecnina}{subsubsection.2.1.5}% 28
\BOOKMARK [4][-]{paragraph.2.1.5.5}{Definizione di prodotto}{subsubsection.2.1.5}% 29
\BOOKMARK [3][-]{subsubsection.2.1.6}{Codifica}{subsection.2.1}% 30
\BOOKMARK [4][-]{paragraph.2.1.6.1}{Scopo dell'attivit\340}{subsubsection.2.1.6}% 31
\BOOKMARK [4][-]{paragraph.2.1.6.2}{Aspettative dell'attivit\340}{subsubsection.2.1.6}% 32
\BOOKMARK [4][-]{paragraph.2.1.6.3}{Descrizione dell'attivit\340}{subsubsection.2.1.6}% 33
\BOOKMARK [4][-]{paragraph.2.1.6.4}{Stile}{subsubsection.2.1.6}% 34
\BOOKMARK [4][-]{paragraph.2.1.6.5}{Versionamento}{subsubsection.2.1.6}% 35
\BOOKMARK [4][-]{paragraph.2.1.6.6}{Ricorsione}{subsubsection.2.1.6}% 36
\BOOKMARK [3][-]{subsubsection.2.1.7}{Strumenti}{subsection.2.1}% 37
\BOOKMARK [4][-]{paragraph.2.1.7.1}{Strumento uno}{subsubsection.2.1.7}% 38
\BOOKMARK [4][-]{paragraph.2.1.7.2}{Strumento due}{subsubsection.2.1.7}% 39
